# JRE version: OpenJDK Runtime Environment Microsoft-7208460 (11.0.18+10) (build 11.0.18+10-LTS)
# Java VM: OpenJDK 64-Bit Server VM Microsoft-7208460 (11.0.18+10-LTS, mixed mode, tiered, compressed oops, g1 gc, windows-amd64)
Heap:
 garbage-first heap   total 98304K, used 63849K [0x0000000700000000, 0x0000000800000000)
  region size 1024K, 9 young (9216K), 4 survivors (4096K)
 Metaspace       used 79270K, capacity 81572K, committed 81748K, reserved 1120256K
  class space    used 10304K, capacity 11282K, committed 11392K, reserved 1048576K
GC Heap History (20 events):
Event: 19.471 GC heap before
{Heap before GC invocations=16 (full 0):
 garbage-first heap   total 98304K, used 72627K [0x0000000700000000, 0x0000000800000000)
  region size 1024K, 30 young (30720K), 3 survivors (3072K)
 Metaspace       used 61763K, capacity 63347K, committed 63572K, reserved 1103872K
  class space    used 7911K, capacity 8543K, committed 8576K, reserved 1048576K
}
Event: 19.477 GC heap after
{Heap after GC invocations=17 (full 0):
 garbage-first heap   total 98304K, used 46845K [0x0000000700000000, 0x0000000800000000)
  region size 1024K, 4 young (4096K), 4 survivors (4096K)
 Metaspace       used 61763K, capacity 63347K, committed 63572K, reserved 1103872K
  class space    used 7911K, capacity 8543K, committed 8576K, reserved 1048576K
}
Event: 20.087 GC heap before
{Heap before GC invocations=18 (full 0):
 garbage-first heap   total 98304K, used 75517K [0x0000000700000000, 0x0000000800000000)
  region size 1024K, 32 young (32768K), 4 survivors (4096K)
 Metaspace       used 64029K, capacity 65688K, committed 65748K, reserved 1105920K
  class space    used 8235K, capacity 8941K, committed 8960K, reserved 1048576K
}
Event: 20.092 GC heap after
{Heap after GC invocations=19 (full 0):
 garbage-first heap   total 98304K, used 47907K [0x0000000700000000, 0x0000000800000000)
  region size 1024K, 3 young (3072K), 3 survivors (3072K)
 Metaspace       used 64029K, capacity 65688K, committed 65748K, reserved 1105920K
  class space    used 8235K, capacity 8941K, committed 8960K, reserved 1048576K
}
Event: 20.598 GC heap before
{Heap before GC invocations=19 (full 0):
 garbage-first heap   total 98304K, used 76579K [0x0000000700000000, 0x0000000800000000)
  region size 1024K, 31 young (31744K), 3 survivors (3072K)
 Metaspace       used 66040K, capacity 67767K, committed 67924K, reserved 1107968K
  class space    used 8524K, capacity 9230K, committed 9344K, reserved 1048576K
}
Event: 20.603 GC heap after
{Heap after GC invocations=20 (full 0):
 garbage-first heap   total 98304K, used 48744K [0x0000000700000000, 0x0000000800000000)
  region size 1024K, 3 young (3072K), 3 survivors (3072K)
 Metaspace       used 66040K, capacity 67767K, committed 67924K, reserved 1107968K
  class space    used 8524K, capacity 9230K, committed 9344K, reserved 1048576K
}
Event: 20.882 GC heap before
{Heap before GC invocations=21 (full 0):
 garbage-first heap   total 98304K, used 79464K [0x0000000700000000, 0x0000000800000000)
  region size 1024K, 33 young (33792K), 3 survivors (3072K)
 Metaspace       used 68186K, capacity 69911K, committed 70228K, reserved 1110016K
  class space    used 8803K, capacity 9518K, committed 9600K, reserved 1048576K
}
Event: 20.886 GC heap after
{Heap after GC invocations=22 (full 0):
 garbage-first heap   total 98304K, used 49203K [0x0000000700000000, 0x0000000800000000)
  region size 1024K, 3 young (3072K), 3 survivors (3072K)
 Metaspace       used 68186K, capacity 69911K, committed 70228K, reserved 1110016K
  class space    used 8803K, capacity 9518K, committed 9600K, reserved 1048576K
}
Event: 21.327 GC heap before
{Heap before GC invocations=22 (full 0):
 garbage-first heap   total 98304K, used 77875K [0x0000000700000000, 0x0000000800000000)
  region size 1024K, 32 young (32768K), 3 survivors (3072K)
 Metaspace       used 70147K, capacity 71921K, committed 72020K, reserved 1112064K
  class space    used 9033K, capacity 9771K, committed 9856K, reserved 1048576K
}
Event: 21.333 GC heap after
{Heap after GC invocations=23 (full 0):
 garbage-first heap   total 98304K, used 51499K [0x0000000700000000, 0x0000000800000000)
  region size 1024K, 4 young (4096K), 4 survivors (4096K)
 Metaspace       used 70147K, capacity 71921K, committed 72020K, reserved 1112064K
  class space    used 9033K, capacity 9771K, committed 9856K, reserved 1048576K
}
Event: 21.783 GC heap before
{Heap before GC invocations=24 (full 0):
 garbage-first heap   total 98304K, used 79147K [0x0000000700000000, 0x0000000800000000)
  region size 1024K, 32 young (32768K), 4 survivors (4096K)
 Metaspace       used 71484K, capacity 73403K, committed 73556K, reserved 1114112K
  class space    used 9237K, capacity 10030K, committed 10112K, reserved 1048576K
}
Event: 21.789 GC heap after
{Heap after GC invocations=25 (full 0):
 garbage-first heap   total 98304K, used 53111K [0x0000000700000000, 0x0000000800000000)
  region size 1024K, 2 young (2048K), 2 survivors (2048K)
 Metaspace       used 71484K, capacity 73403K, committed 73556K, reserved 1114112K
  class space    used 9237K, capacity 10030K, committed 10112K, reserved 1048576K
}
Event: 22.480 GC heap before
{Heap before GC invocations=25 (full 0):
 garbage-first heap   total 98304K, used 80759K [0x0000000700000000, 0x0000000800000000)
  region size 1024K, 29 young (29696K), 2 survivors (2048K)
 Metaspace       used 72894K, capacity 74845K, committed 74964K, reserved 1114112K
  class space    used 9421K, capacity 10204K, committed 10240K, reserved 1048576K
}
Event: 22.487 GC heap after
{Heap after GC invocations=26 (full 0):
 garbage-first heap   total 98304K, used 54820K [0x0000000700000000, 0x0000000800000000)
  region size 1024K, 4 young (4096K), 4 survivors (4096K)
 Metaspace       used 72894K, capacity 74845K, committed 74964K, reserved 1114112K
  class space    used 9421K, capacity 10204K, committed 10240K, reserved 1048576K
}
Event: 23.251 GC heap before
{Heap before GC invocations=27 (full 0):
 garbage-first heap   total 98304K, used 80420K [0x0000000700000000, 0x0000000800000000)
  region size 1024K, 29 young (29696K), 4 survivors (4096K)
 Metaspace       used 74719K, capacity 76869K, committed 77140K, reserved 1116160K
  class space    used 9699K, capacity 10574K, committed 10624K, reserved 1048576K
}
Event: 23.257 GC heap after
{Heap after GC invocations=28 (full 0):
 garbage-first heap   total 98304K, used 56311K [0x0000000700000000, 0x0000000800000000)
  region size 1024K, 4 young (4096K), 4 survivors (4096K)
 Metaspace       used 74719K, capacity 76869K, committed 77140K, reserved 1116160K
  class space    used 9699K, capacity 10574K, committed 10624K, reserved 1048576K
}
Event: 23.600 GC heap before
{Heap before GC invocations=28 (full 0):
 garbage-first heap   total 98304K, used 79863K [0x0000000700000000, 0x0000000800000000)
  region size 1024K, 28 young (28672K), 4 survivors (4096K)
 Metaspace       used 76300K, capacity 78385K, committed 78548K, reserved 1118208K
  class space    used 9870K, capacity 10736K, committed 10752K, reserved 1048576K
}
Event: 23.610 GC heap after
{Heap after GC invocations=29 (full 0):
 garbage-first heap   total 98304K, used 58339K [0x0000000700000000, 0x0000000800000000)
  region size 1024K, 3 young (3072K), 3 survivors (3072K)
 Metaspace       used 76300K, capacity 78385K, committed 78548K, reserved 1118208K
  class space    used 9870K, capacity 10736K, committed 10752K, reserved 1048576K
}
Event: 24.691 GC heap before
{Heap before GC invocations=30 (full 0):
 garbage-first heap   total 98304K, used 80867K [0x0000000700000000, 0x0000000800000000)
  region size 1024K, 26 young (26624K), 3 survivors (3072K)
 Metaspace       used 78781K, capacity 81006K, committed 81364K, reserved 1120256K
  class space    used 10210K, capacity 11138K, committed 11264K, reserved 1048576K
}
Event: 24.696 GC heap after
{Heap after GC invocations=31 (full 0):
 garbage-first heap   total 98304K, used 59753K [0x0000000700000000, 0x0000000800000000)
  region size 1024K, 4 young (4096K), 4 survivors (4096K)
 Metaspace       used 78781K, capacity 81006K, committed 81364K, reserved 1120256K
  class space    used 10210K, capacity 11138K, committed 11264K, reserved 1048576K
}

