# JRE version: OpenJDK Runtime Environment Microsoft-7208460 (11.0.18+10) (build 11.0.18+10-LTS)
# Java VM: OpenJDK 64-Bit Server VM Microsoft-7208460 (11.0.18+10-LTS, mixed mode, tiered, compressed oops, g1 gc, windows-amd64)
Heap:
 garbage-first heap   total 98304K, used 25726K [0x0000000080000000, 0x0000000100000000)
  region size 1024K, 12 young (12288K), 3 survivors (3072K)
 Metaspace       used 21720K, capacity 22257K, committed 22576K, reserved 1069056K
  class space    used 2661K, capacity 2836K, committed 2944K, reserved 1048576K
GC Heap History (6 events):
Event: 1.343 GC heap before
{Heap before GC invocations=0 (full 0):
 garbage-first heap   total 98304K, used 29696K [0x0000000080000000, 0x0000000100000000)
  region size 1024K, 24 young (24576K), 0 survivors (0K)
 Metaspace       used 10094K, capacity 10326K, committed 10624K, reserved 1058816K
  class space    used 1023K, capacity 1107K, committed 1152K, reserved 1048576K
}
Event: 1.353 GC heap after
{Heap after GC invocations=1 (full 0):
 garbage-first heap   total 98304K, used 9514K [0x0000000080000000, 0x0000000100000000)
  region size 1024K, 3 young (3072K), 3 survivors (3072K)
 Metaspace       used 10094K, capacity 10326K, committed 10624K, reserved 1058816K
  class space    used 1023K, capacity 1107K, committed 1152K, reserved 1048576K
}
Event: 3.450 GC heap before
{Heap before GC invocations=1 (full 0):
 garbage-first heap   total 98304K, used 59690K [0x0000000080000000, 0x0000000100000000)
  region size 1024K, 52 young (53248K), 3 survivors (3072K)
 Metaspace       used 13301K, capacity 13590K, committed 13696K, reserved 1060864K
  class space    used 1436K, capacity 1558K, committed 1664K, reserved 1048576K
}
Event: 3.464 GC heap after
{Heap after GC invocations=2 (full 0):
 garbage-first heap   total 98304K, used 14775K [0x0000000080000000, 0x0000000100000000)
  region size 1024K, 7 young (7168K), 7 survivors (7168K)
 Metaspace       used 13301K, capacity 13590K, committed 13696K, reserved 1060864K
  class space    used 1436K, capacity 1558K, committed 1664K, reserved 1048576K
}
Event: 6.422 GC heap before
{Heap before GC invocations=2 (full 0):
 garbage-first heap   total 98304K, used 57783K [0x0000000080000000, 0x0000000100000000)
  region size 1024K, 50 young (51200K), 7 survivors (7168K)
 Metaspace       used 20721K, capacity 21127K, committed 21296K, reserved 1069056K
  class space    used 2483K, capacity 2628K, committed 2688K, reserved 1048576K
}
Event: 6.435 GC heap after
{Heap after GC invocations=3 (full 0):
 garbage-first heap   total 98304K, used 17534K [0x0000000080000000, 0x0000000100000000)
  region size 1024K, 3 young (3072K), 3 survivors (3072K)
 Metaspace       used 20721K, capacity 21127K, committed 21296K, reserved 1069056K
  class space    used 2483K, capacity 2628K, committed 2688K, reserved 1048576K
}

