# JRE version: OpenJDK Runtime Environment Microsoft-7208460 (11.0.18+10) (build 11.0.18+10-LTS)
# Java VM: OpenJDK 64-Bit Server VM Microsoft-7208460 (11.0.18+10-LTS, mixed mode, tiered, compressed oops, g1 gc, windows-amd64)
Heap:
 garbage-first heap   total 449536K, used 320669K [0x0000000080000000, 0x0000000100000000)
  region size 1024K, 26 young (26624K), 11 survivors (11264K)
 Metaspace       used 122638K, capacity 128152K, committed 128208K, reserved 626688K
  class space    used 16003K, capacity 18027K, committed 18048K, reserved 516096K
GC Heap History (20 events):
Event: 46.830 GC heap before
{Heap before GC invocations=86 (full 0):
 garbage-first heap   total 449536K, used 329241K [0x0000000080000000, 0x0000000100000000)
  region size 1024K, 124 young (126976K), 10 survivors (10240K)
 Metaspace       used 113103K, capacity 117537K, committed 117712K, reserved 618496K
  class space    used 14770K, capacity 16503K, committed 16512K, reserved 516096K
}
Event: 46.855 GC heap after
{Heap after GC invocations=87 (full 0):
 garbage-first heap   total 449536K, used 224417K [0x0000000080000000, 0x0000000100000000)
  region size 1024K, 12 young (12288K), 12 survivors (12288K)
 Metaspace       used 113103K, capacity 117537K, committed 117712K, reserved 618496K
  class space    used 14770K, capacity 16503K, committed 16512K, reserved 516096K
}
Event: 50.625 GC heap before
{Heap before GC invocations=87 (full 0):
 garbage-first heap   total 449536K, used 348321K [0x0000000080000000, 0x0000000100000000)
  region size 1024K, 134 young (137216K), 12 survivors (12288K)
 Metaspace       used 114408K, capacity 119210K, committed 119376K, reserved 620544K
  class space    used 14973K, capacity 16838K, committed 16896K, reserved 516096K
}
Event: 50.649 GC heap after
{Heap after GC invocations=88 (full 0):
 garbage-first heap   total 449536K, used 237042K [0x0000000080000000, 0x0000000100000000)
  region size 1024K, 14 young (14336K), 14 survivors (14336K)
 Metaspace       used 114408K, capacity 119210K, committed 119376K, reserved 620544K
  class space    used 14973K, capacity 16838K, committed 16896K, reserved 516096K
}
Event: 56.223 GC heap before
{Heap before GC invocations=88 (full 0):
 garbage-first heap   total 449536K, used 358898K [0x0000000080000000, 0x0000000100000000)
  region size 1024K, 134 young (137216K), 14 survivors (14336K)
 Metaspace       used 114756K, capacity 119639K, committed 119888K, reserved 620544K
  class space    used 14994K, capacity 16877K, committed 16896K, reserved 516096K
}
Event: 56.249 GC heap after
{Heap after GC invocations=89 (full 0):
 garbage-first heap   total 449536K, used 253189K [0x0000000080000000, 0x0000000100000000)
  region size 1024K, 17 young (17408K), 17 survivors (17408K)
 Metaspace       used 114756K, capacity 119639K, committed 119888K, reserved 620544K
  class space    used 14994K, capacity 16877K, committed 16896K, reserved 516096K
}
Event: 57.458 GC heap before
{Heap before GC invocations=89 (full 0):
 garbage-first heap   total 449536K, used 375045K [0x0000000080000000, 0x0000000100000000)
  region size 1024K, 127 young (130048K), 17 survivors (17408K)
 Metaspace       used 114968K, capacity 119815K, committed 119888K, reserved 620544K
  class space    used 15004K, capacity 16880K, committed 16896K, reserved 516096K
}
Event: 57.480 GC heap after
{Heap after GC invocations=90 (full 0):
 garbage-first heap   total 449536K, used 263168K [0x0000000080000000, 0x0000000100000000)
  region size 1024K, 9 young (9216K), 9 survivors (9216K)
 Metaspace       used 114968K, capacity 119815K, committed 119888K, reserved 620544K
  class space    used 15004K, capacity 16880K, committed 16896K, reserved 516096K
}
Event: 58.836 GC heap before
{Heap before GC invocations=90 (full 0):
 garbage-first heap   total 449536K, used 385024K [0x0000000080000000, 0x0000000100000000)
  region size 1024K, 115 young (117760K), 9 survivors (9216K)
 Metaspace       used 115610K, capacity 120551K, committed 120784K, reserved 620544K
  class space    used 15080K, capacity 16933K, committed 17024K, reserved 516096K
}
Event: 58.854 GC heap after
{Heap after GC invocations=91 (full 0):
 garbage-first heap   total 449536K, used 271020K [0x0000000080000000, 0x0000000100000000)
  region size 1024K, 11 young (11264K), 11 survivors (11264K)
 Metaspace       used 115610K, capacity 120551K, committed 120784K, reserved 620544K
  class space    used 15080K, capacity 16933K, committed 17024K, reserved 516096K
}
Event: 60.345 GC heap before
{Heap before GC invocations=91 (full 0):
 garbage-first heap   total 449536K, used 376492K [0x0000000080000000, 0x0000000100000000)
  region size 1024K, 111 young (113664K), 11 survivors (11264K)
 Metaspace       used 117319K, capacity 122449K, committed 122576K, reserved 622592K
  class space    used 15264K, capacity 17167K, committed 17280K, reserved 516096K
}
Event: 60.366 GC heap after
{Heap after GC invocations=92 (full 0):
 garbage-first heap   total 449536K, used 283134K [0x0000000080000000, 0x0000000100000000)
  region size 1024K, 13 young (13312K), 13 survivors (13312K)
 Metaspace       used 117319K, capacity 122449K, committed 122576K, reserved 622592K
  class space    used 15264K, capacity 17167K, committed 17280K, reserved 516096K
}
Event: 61.072 GC heap before
{Heap before GC invocations=92 (full 0):
 garbage-first heap   total 449536K, used 382462K [0x0000000080000000, 0x0000000100000000)
  region size 1024K, 103 young (105472K), 13 survivors (13312K)
 Metaspace       used 117475K, capacity 122624K, committed 122832K, reserved 622592K
  class space    used 15277K, capacity 17202K, committed 17280K, reserved 516096K
}
Event: 61.089 GC heap after
{Heap after GC invocations=93 (full 0):
 garbage-first heap   total 449536K, used 289994K [0x0000000080000000, 0x0000000100000000)
  region size 1024K, 8 young (8192K), 8 survivors (8192K)
 Metaspace       used 117475K, capacity 122624K, committed 122832K, reserved 622592K
  class space    used 15277K, capacity 17202K, committed 17280K, reserved 516096K
}
Event: 62.191 GC heap before
{Heap before GC invocations=93 (full 0):
 garbage-first heap   total 449536K, used 386250K [0x0000000080000000, 0x0000000100000000)
  region size 1024K, 95 young (97280K), 8 survivors (8192K)
 Metaspace       used 117683K, capacity 122718K, committed 122832K, reserved 622592K
  class space    used 15304K, capacity 17210K, committed 17280K, reserved 516096K
}
Event: 62.202 GC heap after
{Heap after GC invocations=94 (full 0):
 garbage-first heap   total 449536K, used 296752K [0x0000000080000000, 0x0000000100000000)
  region size 1024K, 12 young (12288K), 12 survivors (12288K)
 Metaspace       used 117683K, capacity 122718K, committed 122832K, reserved 622592K
  class space    used 15304K, capacity 17210K, committed 17280K, reserved 516096K
}
Event: 65.773 GC heap before
{Heap before GC invocations=94 (full 0):
 garbage-first heap   total 449536K, used 379696K [0x0000000080000000, 0x0000000100000000)
  region size 1024K, 94 young (96256K), 12 survivors (12288K)
 Metaspace       used 119818K, capacity 125073K, committed 125264K, reserved 624640K
  class space    used 15594K, capacity 17555K, committed 17664K, reserved 516096K
}
Event: 65.789 GC heap after
{Heap after GC invocations=95 (full 0):
 garbage-first heap   total 449536K, used 303104K [0x0000000080000000, 0x0000000100000000)
  region size 1024K, 6 young (6144K), 6 survivors (6144K)
 Metaspace       used 119818K, capacity 125073K, committed 125264K, reserved 624640K
  class space    used 15594K, capacity 17555K, committed 17664K, reserved 516096K
}
Event: 109.763 GC heap before
{Heap before GC invocations=95 (full 0):
 garbage-first heap   total 449536K, used 391168K [0x0000000080000000, 0x0000000100000000)
  region size 1024K, 85 young (87040K), 6 survivors (6144K)
 Metaspace       used 122289K, capacity 127714K, committed 127952K, reserved 626688K
  class space    used 15965K, capacity 18013K, committed 18048K, reserved 516096K
}
Event: 109.933 GC heap after
{Heap after GC invocations=96 (full 0):
 garbage-first heap   total 449536K, used 307357K [0x0000000080000000, 0x0000000100000000)
  region size 1024K, 11 young (11264K), 11 survivors (11264K)
 Metaspace       used 122289K, capacity 127714K, committed 127952K, reserved 626688K
  class space    used 15965K, capacity 18013K, committed 18048K, reserved 516096K
}

