# JRE version: OpenJDK Runtime Environment Microsoft-7208460 (11.0.18+10) (build 11.0.18+10-LTS)
# Java VM: OpenJDK 64-Bit Server VM Microsoft-7208460 (11.0.18+10-LTS, mixed mode, tiered, compressed oops, g1 gc, windows-amd64)
Heap:
 garbage-first heap   total 366592K, used 281433K [0x0000000080000000, 0x0000000100000000)
  region size 1024K, 3 young (3072K), 2 survivors (2048K)
 Metaspace       used 144157K, capacity 149374K, committed 149640K, reserved 647168K
  class space    used 17843K, capacity 19769K, committed 19840K, reserved 516096K
GC Heap History (20 events):
Event: 78.637 GC heap before
{Heap before GC invocations=137 (full 0):
 garbage-first heap   total 366592K, used 326388K [0x0000000080000000, 0x0000000100000000)
  region size 1024K, 20 young (20480K), 3 survivors (3072K)
 Metaspace       used 143382K, capacity 148657K, committed 148872K, reserved 647168K
  class space    used 17781K, capacity 19727K, committed 19840K, reserved 516096K
}
Event: 78.644 GC heap after
{Heap after GC invocations=138 (full 0):
 garbage-first heap   total 366592K, used 313198K [0x0000000080000000, 0x0000000100000000)
  region size 1024K, 3 young (3072K), 3 survivors (3072K)
 Metaspace       used 143382K, capacity 148657K, committed 148872K, reserved 647168K
  class space    used 17781K, capacity 19727K, committed 19840K, reserved 516096K
}
Event: 79.577 GC heap before
{Heap before GC invocations=138 (full 0):
 garbage-first heap   total 366592K, used 327534K [0x0000000080000000, 0x0000000100000000)
  region size 1024K, 17 young (17408K), 3 survivors (3072K)
 Metaspace       used 143386K, capacity 148657K, committed 148872K, reserved 647168K
  class space    used 17781K, capacity 19727K, committed 19840K, reserved 516096K
}
Event: 79.584 GC heap after
{Heap after GC invocations=139 (full 0):
 garbage-first heap   total 366592K, used 316404K [0x0000000080000000, 0x0000000100000000)
  region size 1024K, 3 young (3072K), 3 survivors (3072K)
 Metaspace       used 143386K, capacity 148657K, committed 148872K, reserved 647168K
  class space    used 17781K, capacity 19727K, committed 19840K, reserved 516096K
}
Event: 80.693 GC heap before
{Heap before GC invocations=139 (full 0):
 garbage-first heap   total 366592K, used 329716K [0x0000000080000000, 0x0000000100000000)
  region size 1024K, 17 young (17408K), 3 survivors (3072K)
 Metaspace       used 143631K, capacity 148876K, committed 149128K, reserved 647168K
  class space    used 17805K, capacity 19734K, committed 19840K, reserved 516096K
}
Event: 80.699 GC heap after
{Heap after GC invocations=140 (full 0):
 garbage-first heap   total 366592K, used 317463K [0x0000000080000000, 0x0000000100000000)
  region size 1024K, 3 young (3072K), 3 survivors (3072K)
 Metaspace       used 143631K, capacity 148876K, committed 149128K, reserved 647168K
  class space    used 17805K, capacity 19734K, committed 19840K, reserved 516096K
}
Event: 87.978 GC heap before
{Heap before GC invocations=140 (full 0):
 garbage-first heap   total 366592K, used 332823K [0x0000000080000000, 0x0000000100000000)
  region size 1024K, 17 young (17408K), 3 survivors (3072K)
 Metaspace       used 143717K, capacity 148994K, committed 149128K, reserved 647168K
  class space    used 17812K, capacity 19747K, committed 19840K, reserved 516096K
}
Event: 87.985 GC heap after
{Heap after GC invocations=141 (full 0):
 garbage-first heap   total 366592K, used 320880K [0x0000000080000000, 0x0000000100000000)
  region size 1024K, 2 young (2048K), 2 survivors (2048K)
 Metaspace       used 143717K, capacity 148994K, committed 149128K, reserved 647168K
  class space    used 17812K, capacity 19747K, committed 19840K, reserved 516096K
}
Event: 89.023 GC heap before
{Heap before GC invocations=141 (full 0):
 garbage-first heap   total 366592K, used 337264K [0x0000000080000000, 0x0000000100000000)
  region size 1024K, 17 young (17408K), 2 survivors (2048K)
 Metaspace       used 143732K, capacity 149003K, committed 149128K, reserved 647168K
  class space    used 17814K, capacity 19750K, committed 19840K, reserved 516096K
}
Event: 89.031 GC heap after
{Heap after GC invocations=142 (full 0):
 garbage-first heap   total 366592K, used 319873K [0x0000000080000000, 0x0000000100000000)
  region size 1024K, 3 young (3072K), 3 survivors (3072K)
 Metaspace       used 143732K, capacity 149003K, committed 149128K, reserved 647168K
  class space    used 17814K, capacity 19750K, committed 19840K, reserved 516096K
}
Event: 94.179 GC heap before
{Heap before GC invocations=142 (full 0):
 garbage-first heap   total 366592K, used 333185K [0x0000000080000000, 0x0000000100000000)
  region size 1024K, 17 young (17408K), 3 survivors (3072K)
 Metaspace       used 143784K, capacity 149039K, committed 149128K, reserved 647168K
  class space    used 17817K, capacity 19756K, committed 19840K, reserved 516096K
}
Event: 94.191 GC heap after
{Heap after GC invocations=143 (full 0):
 garbage-first heap   total 366592K, used 321860K [0x0000000080000000, 0x0000000100000000)
  region size 1024K, 3 young (3072K), 3 survivors (3072K)
 Metaspace       used 143784K, capacity 149039K, committed 149128K, reserved 647168K
  class space    used 17817K, capacity 19756K, committed 19840K, reserved 516096K
}
Event: 107.488 GC heap before
{Heap before GC invocations=143 (full 0):
 garbage-first heap   total 366592K, used 337220K [0x0000000080000000, 0x0000000100000000)
  region size 1024K, 17 young (17408K), 3 survivors (3072K)
 Metaspace       used 143787K, capacity 149103K, committed 149384K, reserved 647168K
  class space    used 17817K, capacity 19756K, committed 19840K, reserved 516096K
}
Event: 107.495 GC heap after
{Heap after GC invocations=144 (full 0):
 garbage-first heap   total 366592K, used 320930K [0x0000000080000000, 0x0000000100000000)
  region size 1024K, 1 young (1024K), 1 survivors (1024K)
 Metaspace       used 143787K, capacity 149103K, committed 149384K, reserved 647168K
  class space    used 17817K, capacity 19756K, committed 19840K, reserved 516096K
}
Event: 120.154 GC heap before
{Heap before GC invocations=144 (full 0):
 garbage-first heap   total 366592K, used 336290K [0x0000000080000000, 0x0000000100000000)
  region size 1024K, 17 young (17408K), 1 survivors (1024K)
 Metaspace       used 143848K, capacity 149176K, committed 149384K, reserved 647168K
  class space    used 17828K, capacity 19759K, committed 19840K, reserved 516096K
}
Event: 120.158 GC heap after
{Heap after GC invocations=145 (full 0):
 garbage-first heap   total 366592K, used 321918K [0x0000000080000000, 0x0000000100000000)
  region size 1024K, 2 young (2048K), 2 survivors (2048K)
 Metaspace       used 143848K, capacity 149176K, committed 149384K, reserved 647168K
  class space    used 17828K, capacity 19759K, committed 19840K, reserved 516096K
}
Event: 120.483 GC heap before
{Heap before GC invocations=145 (full 0):
 garbage-first heap   total 366592K, used 331134K [0x0000000080000000, 0x0000000100000000)
  region size 1024K, 11 young (11264K), 2 survivors (2048K)
 Metaspace       used 143956K, capacity 149254K, committed 149384K, reserved 647168K
  class space    used 17834K, capacity 19761K, committed 19840K, reserved 516096K
}
Event: 120.500 GC heap after
{Heap after GC invocations=146 (full 0):
 garbage-first heap   total 366592K, used 325582K [0x0000000080000000, 0x0000000100000000)
  region size 1024K, 3 young (3072K), 3 survivors (3072K)
 Metaspace       used 143956K, capacity 149254K, committed 149384K, reserved 647168K
  class space    used 17834K, capacity 19761K, committed 19840K, reserved 516096K
}
Event: 125.401 GC heap before
{Heap before GC invocations=147 (full 0):
 garbage-first heap   total 366592K, used 336846K [0x0000000080000000, 0x0000000100000000)
  region size 1024K, 17 young (17408K), 3 survivors (3072K)
 Metaspace       used 144037K, capacity 149288K, committed 149384K, reserved 647168K
  class space    used 17837K, capacity 19766K, committed 19840K, reserved 516096K
}
Event: 125.422 GC heap after
{Heap after GC invocations=148 (full 0):
 garbage-first heap   total 366592K, used 317838K [0x0000000080000000, 0x0000000100000000)
  region size 1024K, 1 young (1024K), 1 survivors (1024K)
 Metaspace       used 144037K, capacity 149288K, committed 149384K, reserved 647168K
  class space    used 17837K, capacity 19766K, committed 19840K, reserved 516096K
}

